<?xml version="1.0" encoding="UTF-8"?>
<robot generated="20190108 10:33:24.859" generator="Robot 3.0.4 (Python 2.7.15 on darwin)">
<suite source="/Users/rafaelchavez/Desktop/Prueba Jenkins/Lectulandia.robot" id="s1" name="Lectulandia">
<test id="s1-t1" name="Lectulandia Jenkins">
<kw type="setup" name="Abrir Navegador" library="Acceso">
<kw name="Get Selection From User" library="Dialogs">
<doc>Pauses test execution and asks user to select a value.</doc>
<arguments>
<arg>Elija su navegador de preferencia</arg>
<arg>Chrome</arg>
<arg>Firefox</arg>
<arg>Opera</arg>
<arg>Safari</arg>
<arg>IE</arg>
</arguments>
<assign>
<var>${new_browser}</var>
</assign>
<msg timestamp="20190108 10:33:48.693" level="INFO">${new_browser} = Firefox</msg>
<status status="PASS" endtime="20190108 10:33:48.693" starttime="20190108 10:33:27.724"></status>
</kw>
<kw name="Open Browser" library="SeleniumLibrary">
<doc>Opens a new browser instance to the given ``url``.</doc>
<arguments>
<arg>@{BROWSER}</arg>
<arg>${new_browser}</arg>
</arguments>
<msg timestamp="20190108 10:33:48.694" level="INFO">Opening browser 'Firefox' to base url 'about:blank'.</msg>
<status status="PASS" endtime="20190108 10:34:02.087" starttime="20190108 10:33:48.693"></status>
</kw>
<kw name="Sleep" library="BuiltIn">
<doc>Pauses the test executed for the given time.</doc>
<arguments>
<arg>5s</arg>
</arguments>
<msg timestamp="20190108 10:34:07.089" level="INFO">Slept 5 seconds</msg>
<status status="PASS" endtime="20190108 10:34:07.089" starttime="20190108 10:34:02.087"></status>
</kw>
<kw name="Go To" library="SeleniumLibrary">
<doc>Navigates the active browser instance to the provided ``url``.</doc>
<arguments>
<arg>${URL}</arg>
</arguments>
<msg timestamp="20190108 10:34:07.090" level="INFO">Opening url 'https://www.lectulandia.com'</msg>
<status status="PASS" endtime="20190108 10:34:15.272" starttime="20190108 10:34:07.090"></status>
</kw>
<kw name="Sleep" library="BuiltIn">
<doc>Pauses the test executed for the given time.</doc>
<arguments>
<arg>5s</arg>
</arguments>
<msg timestamp="20190108 10:34:20.274" level="INFO">Slept 5 seconds</msg>
<status status="PASS" endtime="20190108 10:34:20.274" starttime="20190108 10:34:15.272"></status>
</kw>
<status status="PASS" endtime="20190108 10:34:20.274" starttime="20190108 10:33:27.724"></status>
</kw>
<kw name="Test Jenkins" library="Tests">
<kw name="Login" library="Request">
<kw name="Mouse Over" library="SeleniumLibrary">
<doc>Simulates hovering mouse over the element ``locator``.</doc>
<arguments>
<arg>xpath=//*[@id="site-navigation"]/ul/li[3]/a</arg>
</arguments>
<msg timestamp="20190108 10:34:20.277" level="INFO">Simulating Mouse Over on element 'xpath=//*[@id="site-navigation"]/ul/li[3]/a'.</msg>
<status status="PASS" endtime="20190108 10:34:20.764" starttime="20190108 10:34:20.275"></status>
</kw>
<kw name="Click Element" library="SeleniumLibrary">
<doc>Click element identified by ``locator``.</doc>
<arguments>
<arg>xpath=//*[@id="site-navigation"]/ul/li[3]/a</arg>
</arguments>
<msg timestamp="20190108 10:34:20.765" level="INFO">Clicking element 'xpath=//*[@id="site-navigation"]/ul/li[3]/a'.</msg>
<status status="PASS" endtime="20190108 10:34:23.005" starttime="20190108 10:34:20.764"></status>
</kw>
<kw name="Sleep" library="BuiltIn">
<doc>Pauses the test executed for the given time.</doc>
<arguments>
<arg>3s</arg>
</arguments>
<msg timestamp="20190108 10:34:26.006" level="INFO">Slept 3 seconds</msg>
<status status="PASS" endtime="20190108 10:34:26.007" starttime="20190108 10:34:23.006"></status>
</kw>
<kw name="Input Text" library="SeleniumLibrary">
<doc>Types the given ``text`` into text field identified by ``locator``.</doc>
<arguments>
<arg>xpath=//*[@id="user_login"]</arg>
<arg>${USUARIO}</arg>
</arguments>
<msg timestamp="20190108 10:34:26.007" level="INFO">Typing text 'ddavilam' into text field 'xpath=//*[@id="user_login"]'.</msg>
<status status="PASS" endtime="20190108 10:34:26.236" starttime="20190108 10:34:26.007"></status>
</kw>
<kw name="Sleep" library="BuiltIn">
<doc>Pauses the test executed for the given time.</doc>
<arguments>
<arg>3s</arg>
</arguments>
<msg timestamp="20190108 10:34:29.237" level="INFO">Slept 3 seconds</msg>
<status status="PASS" endtime="20190108 10:34:29.237" starttime="20190108 10:34:26.236"></status>
</kw>
<kw name="Input Password" library="SeleniumLibrary">
<doc>Types the given password into text field identified by ``locator``.</doc>
<arguments>
<arg>xpath=//*[@id="user_pass"]</arg>
<arg>${PASS}</arg>
</arguments>
<msg timestamp="20190108 10:34:29.238" level="INFO">Typing password into text field 'xpath=//*[@id="user_pass"]'.</msg>
<status status="PASS" endtime="20190108 10:34:29.323" starttime="20190108 10:34:29.238"></status>
</kw>
<kw name="Sleep" library="BuiltIn">
<doc>Pauses the test executed for the given time.</doc>
<arguments>
<arg>3s</arg>
</arguments>
<msg timestamp="20190108 10:34:32.325" level="INFO">Slept 3 seconds</msg>
<status status="PASS" endtime="20190108 10:34:32.325" starttime="20190108 10:34:29.324"></status>
</kw>
<kw name="Mouse Over" library="SeleniumLibrary">
<doc>Simulates hovering mouse over the element ``locator``.</doc>
<arguments>
<arg>css=#wp-submit</arg>
</arguments>
<msg timestamp="20190108 10:34:32.325" level="INFO">Simulating Mouse Over on element 'css=#wp-submit'.</msg>
<status status="PASS" endtime="20190108 10:34:32.609" starttime="20190108 10:34:32.325"></status>
</kw>
<kw name="Click Element" library="SeleniumLibrary">
<doc>Click element identified by ``locator``.</doc>
<arguments>
<arg>css=#wp-submit</arg>
</arguments>
<msg timestamp="20190108 10:34:32.610" level="INFO">Clicking element 'css=#wp-submit'.</msg>
<status status="PASS" endtime="20190108 10:34:37.811" starttime="20190108 10:34:32.609"></status>
</kw>
<kw name="Sleep" library="BuiltIn">
<doc>Pauses the test executed for the given time.</doc>
<arguments>
<arg>5s</arg>
</arguments>
<msg timestamp="20190108 10:34:42.813" level="INFO">Slept 5 seconds</msg>
<status status="PASS" endtime="20190108 10:34:42.813" starttime="20190108 10:34:37.812"></status>
</kw>
<status status="PASS" endtime="20190108 10:34:42.813" starttime="20190108 10:34:20.275"></status>
</kw>
<kw name="Sleep" library="BuiltIn">
<doc>Pauses the test executed for the given time.</doc>
<arguments>
<arg>3s</arg>
</arguments>
<msg timestamp="20190108 10:34:45.814" level="INFO">Slept 3 seconds</msg>
<status status="PASS" endtime="20190108 10:34:45.814" starttime="20190108 10:34:42.814"></status>
</kw>
<kw name="Mouse Over" library="SeleniumLibrary">
<doc>Simulates hovering mouse over the element ``locator``.</doc>
<arguments>
<arg>xpath=//*[@id="site-navigation"]/ul/li[6]/form/input</arg>
</arguments>
<msg timestamp="20190108 10:34:45.815" level="INFO">Simulating Mouse Over on element 'xpath=//*[@id="site-navigation"]/ul/li[6]/form/input'.</msg>
<status status="PASS" endtime="20190108 10:34:46.093" starttime="20190108 10:34:45.815"></status>
</kw>
<kw name="Click Element" library="SeleniumLibrary">
<doc>Click element identified by ``locator``.</doc>
<arguments>
<arg>xpath=//*[@id="site-navigation"]/ul/li[6]/form/input</arg>
</arguments>
<msg timestamp="20190108 10:34:46.094" level="INFO">Clicking element 'xpath=//*[@id="site-navigation"]/ul/li[6]/form/input'.</msg>
<status status="PASS" endtime="20190108 10:34:46.413" starttime="20190108 10:34:46.093"></status>
</kw>
<kw name="Sleep" library="BuiltIn">
<doc>Pauses the test executed for the given time.</doc>
<arguments>
<arg>3s</arg>
</arguments>
<msg timestamp="20190108 10:34:49.414" level="INFO">Slept 3 seconds</msg>
<status status="PASS" endtime="20190108 10:34:49.415" starttime="20190108 10:34:46.413"></status>
</kw>
<kw name="Input Text" library="SeleniumLibrary">
<doc>Types the given ``text`` into text field identified by ``locator``.</doc>
<arguments>
<arg>xpath=//*[@id="site-navigation"]/ul/li[6]/form/input</arg>
<arg>${BUSQUEDA}</arg>
</arguments>
<msg timestamp="20190108 10:34:49.415" level="INFO">Typing text 'JOE HILL' into text field 'xpath=//*[@id="site-navigation"]/ul/li[6]/form/input'.</msg>
<status status="PASS" endtime="20190108 10:34:49.437" starttime="20190108 10:34:49.415"></status>
</kw>
<kw name="Sleep" library="BuiltIn">
<doc>Pauses the test executed for the given time.</doc>
<arguments>
<arg>3s</arg>
</arguments>
<msg timestamp="20190108 10:34:52.489" level="INFO">Slept 3 seconds</msg>
<status status="PASS" endtime="20190108 10:34:52.489" starttime="20190108 10:34:49.487"></status>
</kw>
<kw name="Press Key" library="SeleniumLibrary">
<doc>Simulates user pressing key on element identified by ``locator``.</doc>
<arguments>
<arg>xpath=//*[@id="site-navigation"]/ul/li[6]/form/input</arg>
<arg>\\13</arg>
</arguments>
<status status="PASS" endtime="20190108 10:34:52.505" starttime="20190108 10:34:52.489"></status>
</kw>
<kw name="Sleep" library="BuiltIn">
<doc>Pauses the test executed for the given time.</doc>
<arguments>
<arg>3s</arg>
</arguments>
<msg timestamp="20190108 10:34:55.506" level="INFO">Slept 3 seconds</msg>
<status status="PASS" endtime="20190108 10:34:55.506" starttime="20190108 10:34:52.505"></status>
</kw>
<kw name="Mouse Down" library="SeleniumLibrary">
<doc>Simulates pressing the left mouse button on the element ``locator``.</doc>
<arguments>
<arg>css=#post-50573</arg>
</arguments>
<msg timestamp="20190108 10:34:55.506" level="INFO">Simulating Mouse Down on element 'css=#post-50573'.</msg>
<kw name="Capture Page Screenshot" library="SeleniumLibrary">
<doc>Takes screenshot of the current page and embeds it into log file.</doc>
<msg timestamp="20190108 10:34:55.665" html="yes" level="INFO">&lt;/td&gt;&lt;/tr&gt;&lt;tr&gt;&lt;td colspan="3"&gt;&lt;a href="selenium-screenshot-1.png"&gt;&lt;img src="selenium-screenshot-1.png" width="800px"&gt;&lt;/a&gt;</msg>
<status status="PASS" endtime="20190108 10:34:55.665" starttime="20190108 10:34:55.529"></status>
</kw>
<msg timestamp="20190108 10:34:55.996" level="FAIL">Element with locator 'css=#post-50573' not found.</msg>
<status status="FAIL" endtime="20190108 10:34:55.996" starttime="20190108 10:34:55.506"></status>
</kw>
<status status="FAIL" endtime="20190108 10:34:55.997" starttime="20190108 10:34:20.274"></status>
</kw>
<kw type="teardown" name="Cerrar Navegador" library="Acceso">
<kw name="Close All Browsers" library="SeleniumLibrary">
<doc>Closes all open browsers and resets the browser cache.</doc>
<status status="PASS" endtime="20190108 10:34:59.320" starttime="20190108 10:34:55.998"></status>
</kw>
<kw name="Sleep" library="BuiltIn">
<doc>Pauses the test executed for the given time.</doc>
<arguments>
<arg>3s</arg>
</arguments>
<msg timestamp="20190108 10:35:02.321" level="INFO">Slept 3 seconds</msg>
<status status="PASS" endtime="20190108 10:35:02.321" starttime="20190108 10:34:59.320"></status>
</kw>
<status status="PASS" endtime="20190108 10:35:02.322" starttime="20190108 10:34:55.997"></status>
</kw>
<doc>Prueba rapida de jenkins para automatizar tests</doc>
<tags>
<tag>Lectujenkins</tag>
</tags>
<status status="FAIL" endtime="20190108 10:35:02.322" critical="yes" starttime="20190108 10:33:27.723">Element with locator 'css=#post-50573' not found.</status>
</test>
<status status="FAIL" endtime="20190108 10:35:02.522" starttime="20190108 10:33:24.862"></status>
</suite>
<statistics>
<total>
<stat fail="1" pass="0">Critical Tests</stat>
<stat fail="1" pass="0">All Tests</stat>
</total>
<tag>
<stat fail="1" pass="0">Lectujenkins</stat>
</tag>
<suite>
<stat fail="1" id="s1" name="Lectulandia" pass="0">Lectulandia</stat>
</suite>
</statistics>
<errors>
<msg timestamp="20190108 10:33:27.721" level="ERROR">Error in file '/Users/rafaelchavez/Desktop/Prueba Jenkins/Recursos/Tests.robot': Importing test library '/Users/rafaelchavez/Desktop/Prueba Jenkins/Recursos/Soporte/PressEnterKey.py' failed: ImportError: No module named PressEnterKey
Traceback (most recent call last):
  None
PYTHONPATH:
  /Library/Frameworks/Python.framework/Versions/2.7/bin
  /Library/Frameworks/Python.framework/Versions/2.7/lib/python27.zip
  /Library/Frameworks/Python.framework/Versions/2.7/lib/python2.7
  /Library/Frameworks/Python.framework/Versions/2.7/lib/python2.7/plat-darwin
  /Library/Frameworks/Python.framework/Versions/2.7/lib/python2.7/plat-mac
  /Library/Frameworks/Python.framework/Versions/2.7/lib/python2.7/plat-mac/lib-scriptpackages
  /Library/Frameworks/Python.framework/Versions/2.7/lib/python2.7/lib-tk
  /Library/Frameworks/Python.framework/Versions/2.7/lib/python2.7/lib-old
  /Library/Frameworks/Python.framework/Versions/2.7/lib/python2.7/lib-dynload
  /Library/Frameworks/Python.framework/Versions/2.7/lib/python2.7/site-packages</msg>
</errors>
</robot>
